<?xml version="1.0" encoding="UTF-8"?>
<testsuite xmlns:xsi="http://www.w3.org/2001/XMLSchema-instance" xsi:noNamespaceSchemaLocation="https://maven.apache.org/surefire/maven-surefire-plugin/xsd/surefire-test-report.xsd" name="RunCukesTest" time="35.587" tests="1" errors="0" skipped="0" failures="1">
  <properties>
    <property name="gopherProxySet" value="false"/>
    <property name="awt.toolkit" value="sun.lwawt.macosx.LWCToolkit"/>
    <property name="file.encoding.pkg" value="sun.io"/>
    <property name="java.specification.version" value="1.8"/>
    <property name="sun.cpu.isalist" value=""/>
    <property name="sun.jnu.encoding" value="UTF-8"/>
    <property name="java.class.path" value="/Volumes/D Drive/Gdrive/GIThubProjects/homeofficetest/homeofficetest/target/test-classes:/Volumes/D Drive/Gdrive/GIThubProjects/homeofficetest/homeofficetest/target/classes:/Users/priya/.m2/repository/org/apache/poi/poi/3.11-beta2/poi-3.11-beta2.jar:/Users/priya/.m2/repository/commons-codec/commons-codec/1.9/commons-codec-1.9.jar:/Users/priya/.m2/repository/org/apache/poi/poi-ooxml/3.11-beta2/poi-ooxml-3.11-beta2.jar:/Users/priya/.m2/repository/org/apache/poi/poi-ooxml-schemas/3.11-beta2/poi-ooxml-schemas-3.11-beta2.jar:/Users/priya/.m2/repository/org/apache/xmlbeans/xmlbeans/2.6.0/xmlbeans-2.6.0.jar:/Users/priya/.m2/repository/stax/stax-api/1.0.1/stax-api-1.0.1.jar:/Users/priya/.m2/repository/org/codehaus/jackson/jackson-mapper-asl/1.8.5/jackson-mapper-asl-1.8.5.jar:/Users/priya/.m2/repository/org/codehaus/jackson/jackson-core-asl/1.8.5/jackson-core-asl-1.8.5.jar:/Users/priya/.m2/repository/org/seleniumhq/selenium/selenium-server/2.42.2/selenium-server-2.42.2.jar:/Users/priya/.m2/repository/org/bouncycastle/bcprov-jdk15on/1.48/bcprov-jdk15on-1.48.jar:/Users/priya/.m2/repository/org/bouncycastle/bcpkix-jdk15on/1.48/bcpkix-jdk15on-1.48.jar:/Users/priya/.m2/repository/mx4j/mx4j-tools/3.0.1/mx4j-tools-3.0.1.jar:/Users/priya/.m2/repository/org/mortbay/jetty/servlet-api-2.5/6.1.9/servlet-api-2.5-6.1.9.jar:/Users/priya/.m2/repository/org/seleniumhq/selenium/jetty-repacked/7.6.1/jetty-repacked-7.6.1.jar:/Users/priya/.m2/repository/net/jcip/jcip-annotations/1.0/jcip-annotations-1.0.jar:/Users/priya/.m2/repository/org/seleniumhq/selenium/selenium-java/2.42.2/selenium-java-2.42.2.jar:/Users/priya/.m2/repository/org/seleniumhq/selenium/selenium-chrome-driver/2.42.2/selenium-chrome-driver-2.42.2.jar:/Users/priya/.m2/repository/org/seleniumhq/selenium/selenium-htmlunit-driver/2.42.2/selenium-htmlunit-driver-2.42.2.jar:/Users/priya/.m2/repository/net/sourceforge/htmlunit/htmlunit/2.14/htmlunit-2.14.jar:/Users/priya/.m2/repository/xalan/xalan/2.7.1/xalan-2.7.1.jar:/Users/priya/.m2/repository/xalan/serializer/2.7.1/serializer-2.7.1.jar:/Users/priya/.m2/repository/commons-collections/commons-collections/3.2.1/commons-collections-3.2.1.jar:/Users/priya/.m2/repository/org/apache/commons/commons-lang3/3.2.1/commons-lang3-3.2.1.jar:/Users/priya/.m2/repository/org/apache/httpcomponents/httpmime/4.3.2/httpmime-4.3.2.jar:/Users/priya/.m2/repository/net/sourceforge/htmlunit/htmlunit-core-js/2.14/htmlunit-core-js-2.14.jar:/Users/priya/.m2/repository/xerces/xercesImpl/2.11.0/xercesImpl-2.11.0.jar:/Users/priya/.m2/repository/xml-apis/xml-apis/1.4.01/xml-apis-1.4.01.jar:/Users/priya/.m2/repository/net/sourceforge/nekohtml/nekohtml/1.9.20/nekohtml-1.9.20.jar:/Users/priya/.m2/repository/net/sourceforge/cssparser/cssparser/0.9.13/cssparser-0.9.13.jar:/Users/priya/.m2/repository/org/w3c/css/sac/1.3/sac-1.3.jar:/Users/priya/.m2/repository/org/eclipse/jetty/jetty-websocket/8.1.14.v20131031/jetty-websocket-8.1.14.v20131031.jar:/Users/priya/.m2/repository/org/eclipse/jetty/jetty-util/8.1.14.v20131031/jetty-util-8.1.14.v20131031.jar:/Users/priya/.m2/repository/org/eclipse/jetty/jetty-io/8.1.14.v20131031/jetty-io-8.1.14.v20131031.jar:/Users/priya/.m2/repository/org/eclipse/jetty/jetty-http/8.1.14.v20131031/jetty-http-8.1.14.v20131031.jar:/Users/priya/.m2/repository/org/seleniumhq/selenium/selenium-ie-driver/2.42.2/selenium-ie-driver-2.42.2.jar:/Users/priya/.m2/repository/org/seleniumhq/selenium/selenium-safari-driver/2.42.2/selenium-safari-driver-2.42.2.jar:/Users/priya/.m2/repository/org/seleniumhq/selenium/selenium-support/2.42.2/selenium-support-2.42.2.jar:/Users/priya/.m2/repository/org/webbitserver/webbit/0.4.14/webbit-0.4.14.jar:/Users/priya/.m2/repository/io/netty/netty/3.5.2.Final/netty-3.5.2.Final.jar:/Users/priya/.m2/repository/org/yaml/snakeyaml/1.8/snakeyaml-1.8.jar:/Users/priya/.m2/repository/org/seleniumhq/selenium/selenium-firefox-driver/2.40.0/selenium-firefox-driver-2.40.0.jar:/Users/priya/.m2/repository/org/seleniumhq/selenium/selenium-remote-driver/2.40.0/selenium-remote-driver-2.40.0.jar:/Users/priya/.m2/repository/cglib/cglib-nodep/2.1_3/cglib-nodep-2.1_3.jar:/Users/priya/.m2/repository/org/json/json/20080701/json-20080701.jar:/Users/priya/.m2/repository/org/seleniumhq/selenium/selenium-api/2.40.0/selenium-api-2.40.0.jar:/Users/priya/.m2/repository/org/apache/httpcomponents/httpclient/4.3.1/httpclient-4.3.1.jar:/Users/priya/.m2/repository/org/apache/httpcomponents/httpcore/4.3/httpcore-4.3.jar:/Users/priya/.m2/repository/commons-logging/commons-logging/1.1.3/commons-logging-1.1.3.jar:/Users/priya/.m2/repository/com/google/guava/guava/15.0/guava-15.0.jar:/Users/priya/.m2/repository/net/java/dev/jna/jna/3.4.0/jna-3.4.0.jar:/Users/priya/.m2/repository/net/java/dev/jna/platform/3.4.0/platform-3.4.0.jar:/Users/priya/.m2/repository/commons-io/commons-io/2.2/commons-io-2.2.jar:/Users/priya/.m2/repository/org/apache/commons/commons-exec/1.1/commons-exec-1.1.jar:/Users/priya/.m2/repository/net/sf/opencsv/opencsv/2.3/opencsv-2.3.jar:/Users/priya/.m2/repository/com/amazonaws/amazon-sqs-java-messaging-lib/1.0.4/amazon-sqs-java-messaging-lib-1.0.4.jar:/Users/priya/.m2/repository/com/amazonaws/aws-java-sdk-sqs/1.11.106/aws-java-sdk-sqs-1.11.106.jar:/Users/priya/.m2/repository/com/amazonaws/aws-java-sdk-core/1.11.106/aws-java-sdk-core-1.11.106.jar:/Users/priya/.m2/repository/software/amazon/ion/ion-java/1.0.2/ion-java-1.0.2.jar:/Users/priya/.m2/repository/com/fasterxml/jackson/core/jackson-databind/2.6.6/jackson-databind-2.6.6.jar:/Users/priya/.m2/repository/com/fasterxml/jackson/core/jackson-annotations/2.6.0/jackson-annotations-2.6.0.jar:/Users/priya/.m2/repository/com/fasterxml/jackson/core/jackson-core/2.6.6/jackson-core-2.6.6.jar:/Users/priya/.m2/repository/com/fasterxml/jackson/dataformat/jackson-dataformat-cbor/2.6.6/jackson-dataformat-cbor-2.6.6.jar:/Users/priya/.m2/repository/joda-time/joda-time/2.8.1/joda-time-2.8.1.jar:/Users/priya/.m2/repository/com/amazonaws/jmespath-java/1.11.106/jmespath-java-1.11.106.jar:/Users/priya/.m2/repository/org/apache/geronimo/specs/geronimo-jms_1.1_spec/1.1.1/geronimo-jms_1.1_spec-1.1.1.jar:/Users/priya/.m2/repository/info/cukes/cucumber-jvm-deps/1.0.5/cucumber-jvm-deps-1.0.5.jar:/Users/priya/.m2/repository/info/cukes/cucumber-java/1.2.5/cucumber-java-1.2.5.jar:/Users/priya/.m2/repository/info/cukes/cucumber-core/1.2.5/cucumber-core-1.2.5.jar:/Users/priya/.m2/repository/info/cukes/cucumber-html/0.2.3/cucumber-html-0.2.3.jar:/Users/priya/.m2/repository/info/cukes/gherkin/2.12.2/gherkin-2.12.2.jar:/Users/priya/.m2/repository/info/cukes/cucumber-testng/1.2.5/cucumber-testng-1.2.5.jar:/Users/priya/.m2/repository/org/testng/testng/6.9.10/testng-6.9.10.jar:/Users/priya/.m2/repository/com/beust/jcommander/1.48/jcommander-1.48.jar:/Users/priya/.m2/repository/org/beanshell/bsh/2.0b4/bsh-2.0b4.jar:/Users/priya/.m2/repository/net/sourceforge/jexcelapi/jxl/2.6.10/jxl-2.6.10.jar:/Users/priya/.m2/repository/log4j/log4j/1.2.14/log4j-1.2.14.jar:/Users/priya/.m2/repository/org/apache/maven/surefire/surefire-testng-utils/2.21.0/surefire-testng-utils-2.21.0.jar:/Users/priya/.m2/repository/org/apache/maven/surefire/surefire-grouper/2.21.0/surefire-grouper-2.21.0.jar:"/>
    <property name="java.vm.vendor" value="Oracle Corporation"/>
    <property name="sun.arch.data.model" value="64"/>
    <property name="java.vendor.url" value="http://java.oracle.com/"/>
    <property name="user.timezone" value=""/>
    <property name="user.country.format" value="GB"/>
    <property name="java.vm.specification.version" value="1.8"/>
    <property name="os.name" value="Mac OS X"/>
    <property name="user.country" value="US"/>
    <property name="sun.java.launcher" value="SUN_STANDARD"/>
    <property name="sun.boot.library.path" value="/Library/Java/JavaVirtualMachines/jdk1.8.0_161.jdk/Contents/Home/jre/lib"/>
    <property name="sun.java.command" value="/Volumes/D Drive/Gdrive/GIThubProjects/homeofficetest/homeofficetest/target/surefire/surefirebooter637553929961217470.jar /Volumes/D Drive/Gdrive/GIThubProjects/homeofficetest/homeofficetest/target/surefire 2018-03-30T14-41-23_087-jvmRun1 surefire6000768910105280087tmp surefire_08269327463026135922tmp"/>
    <property name="http.nonProxyHosts" value="local|*.local|169.254/16|*.169.254/16"/>
    <property name="surefire.test.class.path" value="/Volumes/D Drive/Gdrive/GIThubProjects/homeofficetest/homeofficetest/target/test-classes:/Volumes/D Drive/Gdrive/GIThubProjects/homeofficetest/homeofficetest/target/classes:/Users/priya/.m2/repository/org/apache/poi/poi/3.11-beta2/poi-3.11-beta2.jar:/Users/priya/.m2/repository/commons-codec/commons-codec/1.9/commons-codec-1.9.jar:/Users/priya/.m2/repository/org/apache/poi/poi-ooxml/3.11-beta2/poi-ooxml-3.11-beta2.jar:/Users/priya/.m2/repository/org/apache/poi/poi-ooxml-schemas/3.11-beta2/poi-ooxml-schemas-3.11-beta2.jar:/Users/priya/.m2/repository/org/apache/xmlbeans/xmlbeans/2.6.0/xmlbeans-2.6.0.jar:/Users/priya/.m2/repository/stax/stax-api/1.0.1/stax-api-1.0.1.jar:/Users/priya/.m2/repository/org/codehaus/jackson/jackson-mapper-asl/1.8.5/jackson-mapper-asl-1.8.5.jar:/Users/priya/.m2/repository/org/codehaus/jackson/jackson-core-asl/1.8.5/jackson-core-asl-1.8.5.jar:/Users/priya/.m2/repository/org/seleniumhq/selenium/selenium-server/2.42.2/selenium-server-2.42.2.jar:/Users/priya/.m2/repository/org/bouncycastle/bcprov-jdk15on/1.48/bcprov-jdk15on-1.48.jar:/Users/priya/.m2/repository/org/bouncycastle/bcpkix-jdk15on/1.48/bcpkix-jdk15on-1.48.jar:/Users/priya/.m2/repository/mx4j/mx4j-tools/3.0.1/mx4j-tools-3.0.1.jar:/Users/priya/.m2/repository/org/mortbay/jetty/servlet-api-2.5/6.1.9/servlet-api-2.5-6.1.9.jar:/Users/priya/.m2/repository/org/seleniumhq/selenium/jetty-repacked/7.6.1/jetty-repacked-7.6.1.jar:/Users/priya/.m2/repository/net/jcip/jcip-annotations/1.0/jcip-annotations-1.0.jar:/Users/priya/.m2/repository/org/seleniumhq/selenium/selenium-java/2.42.2/selenium-java-2.42.2.jar:/Users/priya/.m2/repository/org/seleniumhq/selenium/selenium-chrome-driver/2.42.2/selenium-chrome-driver-2.42.2.jar:/Users/priya/.m2/repository/org/seleniumhq/selenium/selenium-htmlunit-driver/2.42.2/selenium-htmlunit-driver-2.42.2.jar:/Users/priya/.m2/repository/net/sourceforge/htmlunit/htmlunit/2.14/htmlunit-2.14.jar:/Users/priya/.m2/repository/xalan/xalan/2.7.1/xalan-2.7.1.jar:/Users/priya/.m2/repository/xalan/serializer/2.7.1/serializer-2.7.1.jar:/Users/priya/.m2/repository/commons-collections/commons-collections/3.2.1/commons-collections-3.2.1.jar:/Users/priya/.m2/repository/org/apache/commons/commons-lang3/3.2.1/commons-lang3-3.2.1.jar:/Users/priya/.m2/repository/org/apache/httpcomponents/httpmime/4.3.2/httpmime-4.3.2.jar:/Users/priya/.m2/repository/net/sourceforge/htmlunit/htmlunit-core-js/2.14/htmlunit-core-js-2.14.jar:/Users/priya/.m2/repository/xerces/xercesImpl/2.11.0/xercesImpl-2.11.0.jar:/Users/priya/.m2/repository/xml-apis/xml-apis/1.4.01/xml-apis-1.4.01.jar:/Users/priya/.m2/repository/net/sourceforge/nekohtml/nekohtml/1.9.20/nekohtml-1.9.20.jar:/Users/priya/.m2/repository/net/sourceforge/cssparser/cssparser/0.9.13/cssparser-0.9.13.jar:/Users/priya/.m2/repository/org/w3c/css/sac/1.3/sac-1.3.jar:/Users/priya/.m2/repository/org/eclipse/jetty/jetty-websocket/8.1.14.v20131031/jetty-websocket-8.1.14.v20131031.jar:/Users/priya/.m2/repository/org/eclipse/jetty/jetty-util/8.1.14.v20131031/jetty-util-8.1.14.v20131031.jar:/Users/priya/.m2/repository/org/eclipse/jetty/jetty-io/8.1.14.v20131031/jetty-io-8.1.14.v20131031.jar:/Users/priya/.m2/repository/org/eclipse/jetty/jetty-http/8.1.14.v20131031/jetty-http-8.1.14.v20131031.jar:/Users/priya/.m2/repository/org/seleniumhq/selenium/selenium-ie-driver/2.42.2/selenium-ie-driver-2.42.2.jar:/Users/priya/.m2/repository/org/seleniumhq/selenium/selenium-safari-driver/2.42.2/selenium-safari-driver-2.42.2.jar:/Users/priya/.m2/repository/org/seleniumhq/selenium/selenium-support/2.42.2/selenium-support-2.42.2.jar:/Users/priya/.m2/repository/org/webbitserver/webbit/0.4.14/webbit-0.4.14.jar:/Users/priya/.m2/repository/io/netty/netty/3.5.2.Final/netty-3.5.2.Final.jar:/Users/priya/.m2/repository/org/yaml/snakeyaml/1.8/snakeyaml-1.8.jar:/Users/priya/.m2/repository/org/seleniumhq/selenium/selenium-firefox-driver/2.40.0/selenium-firefox-driver-2.40.0.jar:/Users/priya/.m2/repository/org/seleniumhq/selenium/selenium-remote-driver/2.40.0/selenium-remote-driver-2.40.0.jar:/Users/priya/.m2/repository/cglib/cglib-nodep/2.1_3/cglib-nodep-2.1_3.jar:/Users/priya/.m2/repository/org/json/json/20080701/json-20080701.jar:/Users/priya/.m2/repository/org/seleniumhq/selenium/selenium-api/2.40.0/selenium-api-2.40.0.jar:/Users/priya/.m2/repository/org/apache/httpcomponents/httpclient/4.3.1/httpclient-4.3.1.jar:/Users/priya/.m2/repository/org/apache/httpcomponents/httpcore/4.3/httpcore-4.3.jar:/Users/priya/.m2/repository/commons-logging/commons-logging/1.1.3/commons-logging-1.1.3.jar:/Users/priya/.m2/repository/com/google/guava/guava/15.0/guava-15.0.jar:/Users/priya/.m2/repository/net/java/dev/jna/jna/3.4.0/jna-3.4.0.jar:/Users/priya/.m2/repository/net/java/dev/jna/platform/3.4.0/platform-3.4.0.jar:/Users/priya/.m2/repository/commons-io/commons-io/2.2/commons-io-2.2.jar:/Users/priya/.m2/repository/org/apache/commons/commons-exec/1.1/commons-exec-1.1.jar:/Users/priya/.m2/repository/net/sf/opencsv/opencsv/2.3/opencsv-2.3.jar:/Users/priya/.m2/repository/com/amazonaws/amazon-sqs-java-messaging-lib/1.0.4/amazon-sqs-java-messaging-lib-1.0.4.jar:/Users/priya/.m2/repository/com/amazonaws/aws-java-sdk-sqs/1.11.106/aws-java-sdk-sqs-1.11.106.jar:/Users/priya/.m2/repository/com/amazonaws/aws-java-sdk-core/1.11.106/aws-java-sdk-core-1.11.106.jar:/Users/priya/.m2/repository/software/amazon/ion/ion-java/1.0.2/ion-java-1.0.2.jar:/Users/priya/.m2/repository/com/fasterxml/jackson/core/jackson-databind/2.6.6/jackson-databind-2.6.6.jar:/Users/priya/.m2/repository/com/fasterxml/jackson/core/jackson-annotations/2.6.0/jackson-annotations-2.6.0.jar:/Users/priya/.m2/repository/com/fasterxml/jackson/core/jackson-core/2.6.6/jackson-core-2.6.6.jar:/Users/priya/.m2/repository/com/fasterxml/jackson/dataformat/jackson-dataformat-cbor/2.6.6/jackson-dataformat-cbor-2.6.6.jar:/Users/priya/.m2/repository/joda-time/joda-time/2.8.1/joda-time-2.8.1.jar:/Users/priya/.m2/repository/com/amazonaws/jmespath-java/1.11.106/jmespath-java-1.11.106.jar:/Users/priya/.m2/repository/org/apache/geronimo/specs/geronimo-jms_1.1_spec/1.1.1/geronimo-jms_1.1_spec-1.1.1.jar:/Users/priya/.m2/repository/info/cukes/cucumber-jvm-deps/1.0.5/cucumber-jvm-deps-1.0.5.jar:/Users/priya/.m2/repository/info/cukes/cucumber-java/1.2.5/cucumber-java-1.2.5.jar:/Users/priya/.m2/repository/info/cukes/cucumber-core/1.2.5/cucumber-core-1.2.5.jar:/Users/priya/.m2/repository/info/cukes/cucumber-html/0.2.3/cucumber-html-0.2.3.jar:/Users/priya/.m2/repository/info/cukes/gherkin/2.12.2/gherkin-2.12.2.jar:/Users/priya/.m2/repository/info/cukes/cucumber-testng/1.2.5/cucumber-testng-1.2.5.jar:/Users/priya/.m2/repository/org/testng/testng/6.9.10/testng-6.9.10.jar:/Users/priya/.m2/repository/com/beust/jcommander/1.48/jcommander-1.48.jar:/Users/priya/.m2/repository/org/beanshell/bsh/2.0b4/bsh-2.0b4.jar:/Users/priya/.m2/repository/net/sourceforge/jexcelapi/jxl/2.6.10/jxl-2.6.10.jar:/Users/priya/.m2/repository/log4j/log4j/1.2.14/log4j-1.2.14.jar:/Users/priya/.m2/repository/org/apache/maven/surefire/surefire-testng-utils/2.21.0/surefire-testng-utils-2.21.0.jar:/Users/priya/.m2/repository/org/apache/maven/surefire/surefire-grouper/2.21.0/surefire-grouper-2.21.0.jar:"/>
    <property name="sun.cpu.endian" value="little"/>
    <property name="user.home" value="/Users/priya"/>
    <property name="user.language" value="en"/>
    <property name="java.specification.vendor" value="Oracle Corporation"/>
    <property name="java.home" value="/Library/Java/JavaVirtualMachines/jdk1.8.0_161.jdk/Contents/Home/jre"/>
    <property name="basedir" value="/Volumes/D Drive/Gdrive/GIThubProjects/homeofficetest/homeofficetest"/>
    <property name="file.separator" value="/"/>
    <property name="line.separator" value="&#10;"/>
    <property name="java.vm.specification.vendor" value="Oracle Corporation"/>
    <property name="java.specification.name" value="Java Platform API Specification"/>
    <property name="java.awt.graphicsenv" value="sun.awt.CGraphicsEnvironment"/>
    <property name="surefire.real.class.path" value="/Volumes/D Drive/Gdrive/GIThubProjects/homeofficetest/homeofficetest/target/surefire/surefirebooter637553929961217470.jar"/>
    <property name="sun.boot.class.path" value="/Library/Java/JavaVirtualMachines/jdk1.8.0_161.jdk/Contents/Home/jre/lib/resources.jar:/Library/Java/JavaVirtualMachines/jdk1.8.0_161.jdk/Contents/Home/jre/lib/rt.jar:/Library/Java/JavaVirtualMachines/jdk1.8.0_161.jdk/Contents/Home/jre/lib/sunrsasign.jar:/Library/Java/JavaVirtualMachines/jdk1.8.0_161.jdk/Contents/Home/jre/lib/jsse.jar:/Library/Java/JavaVirtualMachines/jdk1.8.0_161.jdk/Contents/Home/jre/lib/jce.jar:/Library/Java/JavaVirtualMachines/jdk1.8.0_161.jdk/Contents/Home/jre/lib/charsets.jar:/Library/Java/JavaVirtualMachines/jdk1.8.0_161.jdk/Contents/Home/jre/lib/jfr.jar:/Library/Java/JavaVirtualMachines/jdk1.8.0_161.jdk/Contents/Home/jre/classes"/>
    <property name="sun.management.compiler" value="HotSpot 64-Bit Tiered Compilers"/>
    <property name="ftp.nonProxyHosts" value="local|*.local|169.254/16|*.169.254/16"/>
    <property name="java.runtime.version" value="1.8.0_161-b12"/>
    <property name="user.name" value="priya"/>
    <property name="path.separator" value=":"/>
    <property name="os.version" value="10.9.5"/>
    <property name="java.endorsed.dirs" value="/Library/Java/JavaVirtualMachines/jdk1.8.0_161.jdk/Contents/Home/jre/lib/endorsed"/>
    <property name="java.runtime.name" value="Java(TM) SE Runtime Environment"/>
    <property name="file.encoding" value="UTF-8"/>
    <property name="java.vm.name" value="Java HotSpot(TM) 64-Bit Server VM"/>
    <property name="localRepository" value="/Users/priya/.m2/repository"/>
    <property name="cucumber.options" value="--tags @homeoffice_excelreader,@homeoffice_datadriver --plugin html:target/cucumber/homeoficetest/ --plugin json:target/cucumber/homeoficetest/cucumber.json"/>
    <property name="java.vendor.url.bug" value="http://bugreport.sun.com/bugreport/"/>
    <property name="java.io.tmpdir" value="/var/folders/q9/f3rscxfn12j4d4d8r27z3v7w0000gn/T/"/>
    <property name="idea.version" value="2017.3.5"/>
    <property name="java.version" value="1.8.0_161"/>
    <property name="user.dir" value="/Volumes/D Drive/Gdrive/GIThubProjects/homeofficetest/homeofficetest"/>
    <property name="os.arch" value="x86_64"/>
    <property name="java.vm.specification.name" value="Java Virtual Machine Specification"/>
    <property name="java.awt.printerjob" value="sun.lwawt.macosx.CPrinterJob"/>
    <property name="sun.os.patch.level" value="unknown"/>
    <property name="java.library.path" value="/Users/priya/Library/Java/Extensions:/Library/Java/Extensions:/Network/Library/Java/Extensions:/System/Library/Java/Extensions:/usr/lib/java:."/>
    <property name="java.vm.info" value="mixed mode"/>
    <property name="java.vendor" value="Oracle Corporation"/>
    <property name="java.vm.version" value="25.161-b12"/>
    <property name="java.ext.dirs" value="/Users/priya/Library/Java/Extensions:/Library/Java/JavaVirtualMachines/jdk1.8.0_161.jdk/Contents/Home/jre/lib/ext:/Library/Java/Extensions:/Network/Library/Java/Extensions:/System/Library/Java/Extensions:/usr/lib/java"/>
    <property name="sun.io.unicode.encoding" value="UnicodeBig"/>
    <property name="java.class.version" value="52.0"/>
    <property name="socksNonProxyHosts" value="local|*.local|169.254/16|*.169.254/16"/>
  </properties>
  <testcase name="feature" classname="RunCukesTest" time="34.711">
    <failure message="java.lang.AssertionError: expected [RED] but found [BLUE]" type="cucumber.runtime.CucumberException">cucumber.runtime.CucumberException: java.lang.AssertionError: expected [RED] but found [BLUE]
Caused by: java.lang.AssertionError: expected [RED] but found [BLUE]
</failure>
    <system-out><![CDATA[File Name:  .DS_Store
File Size:  9
File Type:  content/unknown
File Extension:  DS_Store
File Name:  1_dvla.xlsx
File Size:  11
File Type:  content/unknown
File Extension:  xlsx
found valid files
CSV and Excel files count   : 1
File Name:  2_dvla.xlsx
File Size:  11
File Type:  content/unknown
File Extension:  xlsx
found valid files
CSV and Excel files count   : 2
File Name:  IMG_0702 copy 2.JPG
File Size:  19
File Type:  image/jpeg
File Extension:  JPG
File Name:  IMG_0702 copy.JPG
File Size:  17
File Type:  image/jpeg
File Extension:  JPG
File Name:  IMG_0702.JPG
File Size:  12
File Type:  image/jpeg
File Extension:  JPG
File Name:  pomtemp copy 2.xml
File Size:  18
File Type:  application/xml
File Extension:  xml
File Name:  pomtemp copy.xml
File Size:  16
File Type:  application/xml
File Extension:  xml
File Name:  pomtemp.xml
File Size:  11
File Type:  application/xml
File Extension:  xml
File Name:  pomtempcopy copy 2.xml
File Size:  22
File Type:  application/xml
File Extension:  xml
File Name:  pomtempcopy copy.xml
File Size:  20
File Type:  application/xml
File Extension:  xml
File Name:  pomtempcopy.xml
File Size:  15
File Type:  application/xml
File Extension:  xml
File Name:  resultsoutput
File Size:  13
File Type:  text/plain
File Extension:  
Row Count:  3
WAZ 2144
VOLKSWAGEN
WHITE
BK04VJF
MERCEDES
SILVER
N864PPL
JEEP
BLUE
Row Count:  6
WAZ 2144
VOLKSWAGEN
WHITE
BK04VJF
MERCEDES
SILVER
N864PPL
JEEP
RED
WAZ 2144
VOLKSWAGEN
WHITE
BK04VJF
MERCEDES
SILVER
N864PPL
JEEP
BLUE
Dvla File Path:   /Volumes/D Drive/Gdrive/GIThubProjects/homeofficetest/homeofficetest/src/main/resources/filesinfolder/resultsoutput/results.xlsxDvla File Path:   /Volumes/D Drive/Gdrive/GIThubProjects/homeofficetest/homeofficetest/src/main/resources/filesinfolder/resultsoutput/results.xlsxDvla File Path:   /Volumes/D Drive/Gdrive/GIThubProjects/homeofficetest/homeofficetest/src/main/resources/filesinfolder/resultsoutput/results.xlsxDvla File Path:   /Volumes/D Drive/Gdrive/GIThubProjects/homeofficetest/homeofficetest/src/main/resources/filesinfolder/resultsoutput/results.xlsxDvla File Path:   /Volumes/D Drive/Gdrive/GIThubProjects/homeofficetest/homeofficetest/src/main/resources/filesinfolder/resultsoutput/results.xlsxDvla File Path:   /Volumes/D Drive/Gdrive/GIThubProjects/homeofficetest/homeofficetest/src/main/resources/filesinfolder/resultsoutput/results.xlsxDvla File Path:   /Volumes/D Drive/Gdrive/GIThubProjects/homeofficetest/homeofficetest/src/main/resources/filesinfolder/resultsoutput/results.xlsxDvla File Path:   /Volumes/D Drive/Gdrive/GIThubProjects/homeofficetest/homeofficetest/src/main/resources/filesinfolder/resultsoutput/results.xlsxDvla File Path:   /Volumes/D Drive/Gdrive/GIThubProjects/homeofficetest/homeofficetest/src/main/resources/filesinfolder/resultsoutput/results.xlsxDvla File Path:   /Volumes/D Drive/Gdrive/GIThubProjects/homeofficetest/homeofficetest/src/main/resources/filesinfolder/resultsoutput/results.xlsxDvla File Path:   /Volumes/D Drive/Gdrive/GIThubProjects/homeofficetest/homeofficetest/src/main/resources/filesinfolder/resultsoutput/results.xlsxDvla File Path:   /Volumes/D Drive/Gdrive/GIThubProjects/homeofficetest/homeofficetest/src/main/resources/filesinfolder/resultsoutput/results.xlsxDvla File Path:   /Volumes/D Drive/Gdrive/GIThubProjects/homeofficetest/homeofficetest/src/main/resources/filesinfolder/resultsoutput/results.xlsxDvla File Path:   /Volumes/D Drive/Gdrive/GIThubProjects/homeofficetest/homeofficetest/src/main/resources/filesinfolder/resultsoutput/results.xlsxDvla File Path:   /Volumes/D Drive/Gdrive/GIThubProjects/homeofficetest/homeofficetest/src/main/resources/filesinfolder/resultsoutput/results.xlsxDvla File Path:   /Volumes/D Drive/Gdrive/GIThubProjects/homeofficetest/homeofficetest/src/main/resources/filesinfolder/resultsoutput/results.xlsxDvla File Path:   /Volumes/D Drive/Gdrive/GIThubProjects/homeofficetest/homeofficetest/src/main/resources/filesinfolder/resultsoutput/results.xlsx]]></system-out>
    <system-err><![CDATA[Starting ChromeDriver 2.37.544337 (8c0344a12e552148c185f7d5117db1f28d6c9e85) on port 13758
Only local connections are allowed.
log4j:WARN No appenders could be found for logger (org.apache.http.impl.conn.tsccm.ThreadSafeClientConnManager).
log4j:WARN Please initialize the log4j system properly.
Starting ChromeDriver 2.37.544337 (8c0344a12e552148c185f7d5117db1f28d6c9e85) on port 47001
Only local connections are allowed.
Starting ChromeDriver 2.37.544337 (8c0344a12e552148c185f7d5117db1f28d6c9e85) on port 9445
Only local connections are allowed.
Starting ChromeDriver 2.37.544337 (8c0344a12e552148c185f7d5117db1f28d6c9e85) on port 36716
Only local connections are allowed.
Starting ChromeDriver 2.37.544337 (8c0344a12e552148c185f7d5117db1f28d6c9e85) on port 23001
Only local connections are allowed.
]]></system-err>
  </testcase>
</testsuite>